<?xml version="1.0" encoding="UTF-8"?>
<!-- Generated by org.testng.reporters.JUnitReportReporter -->
<testsuite hostname="DESKTOP-JUUHA4K" failures="0" tests="1" name="com.hrms.Testscripts.TC001" time="89.197" errors="0" timestamp="28 Nov 2021 19:59:51 GMT">
  <testcase classname="com.hrms.Testscripts.TC001" name="tc001" time="89.197"/>
</testsuite> <!-- com.hrms.Testscripts.TC001 -->
